<<<<<<< HEAD
<<<<<<< Updated upstream
=======
=======
>>>>>>> master
Started GET "/" for 127.0.0.1 at 2023-04-17 10:13:52 +0300
  [1m[35m (5.3ms)[0m  [1m[35mCREATE TABLE "schema_migrations" ("version" varchar NOT NULL PRIMARY KEY)[0m
  [1m[35m (5.1ms)[0m  [1m[35mCREATE TABLE "ar_internal_metadata" ("key" varchar NOT NULL PRIMARY KEY, "value" varchar, "created_at" datetime(6) NOT NULL, "updated_at" datetime(6) NOT NULL)[0m
  [1m[36mActiveRecord::SchemaMigration Pluck (0.4ms)[0m  [1m[34mSELECT "schema_migrations"."version" FROM "schema_migrations" ORDER BY "schema_migrations"."version" ASC[0m
  
ActiveRecord::PendingMigrationError (

Migrations are pending. To resolve this issue, run:

        bin/rails db:migrate RAILS_ENV=development

You have 2 pending migrations:

20230416152742_create_users.rb
20230416153410_create_admins.rb


):
  
activerecord (7.0.4.3) lib/active_record/migration.rb:627:in `check_pending!'
activerecord (7.0.4.3) lib/active_record/migration.rb:592:in `block (2 levels) in call'
activesupport (7.0.4.3) lib/active_support/file_update_checker.rb:83:in `execute'
activerecord (7.0.4.3) lib/active_record/migration.rb:597:in `block in call'
activerecord (7.0.4.3) lib/active_record/migration.rb:589:in `synchronize'
activerecord (7.0.4.3) lib/active_record/migration.rb:589:in `call'
actionpack (7.0.4.3) lib/action_dispatch/middleware/callbacks.rb:27:in `block in call'
activesupport (7.0.4.3) lib/active_support/callbacks.rb:99:in `run_callbacks'
actionpack (7.0.4.3) lib/action_dispatch/middleware/callbacks.rb:26:in `call'
actionpack (7.0.4.3) lib/action_dispatch/middleware/executor.rb:14:in `call'
actionpack (7.0.4.3) lib/action_dispatch/middleware/actionable_exceptions.rb:17:in `call'
actionpack (7.0.4.3) lib/action_dispatch/middleware/debug_exceptions.rb:28:in `call'
actionpack (7.0.4.3) lib/action_dispatch/middleware/show_exceptions.rb:26:in `call'
railties (7.0.4.3) lib/rails/rack/logger.rb:40:in `call_app'
railties (7.0.4.3) lib/rails/rack/logger.rb:25:in `block in call'
activesupport (7.0.4.3) lib/active_support/tagged_logging.rb:99:in `block in tagged'
activesupport (7.0.4.3) lib/active_support/tagged_logging.rb:37:in `tagged'
activesupport (7.0.4.3) lib/active_support/tagged_logging.rb:99:in `tagged'
railties (7.0.4.3) lib/rails/rack/logger.rb:25:in `call'
actionpack (7.0.4.3) lib/action_dispatch/middleware/remote_ip.rb:93:in `call'
actionpack (7.0.4.3) lib/action_dispatch/middleware/request_id.rb:26:in `call'
rack (2.2.6.4) lib/rack/runtime.rb:22:in `call'
activesupport (7.0.4.3) lib/active_support/cache/strategy/local_cache_middleware.rb:29:in `call'
actionpack (7.0.4.3) lib/action_dispatch/middleware/server_timing.rb:61:in `block in call'
actionpack (7.0.4.3) lib/action_dispatch/middleware/server_timing.rb:26:in `collect_events'
actionpack (7.0.4.3) lib/action_dispatch/middleware/server_timing.rb:60:in `call'
actionpack (7.0.4.3) lib/action_dispatch/middleware/executor.rb:14:in `call'
actionpack (7.0.4.3) lib/action_dispatch/middleware/static.rb:23:in `call'
rack (2.2.6.4) lib/rack/sendfile.rb:110:in `call'
actionpack (7.0.4.3) lib/action_dispatch/middleware/host_authorization.rb:137:in `call'
railties (7.0.4.3) lib/rails/engine.rb:530:in `call'
puma (5.6.5) lib/puma/configuration.rb:252:in `call'
puma (5.6.5) lib/puma/request.rb:77:in `block in handle_request'
puma (5.6.5) lib/puma/thread_pool.rb:340:in `with_force_shutdown'
puma (5.6.5) lib/puma/request.rb:76:in `handle_request'
puma (5.6.5) lib/puma/server.rb:443:in `process_client'
puma (5.6.5) lib/puma/thread_pool.rb:147:in `block in spawn_thread'
Started GET "/favicon.ico" for 127.0.0.1 at 2023-04-17 10:13:54 +0300
  [1m[36mActiveRecord::SchemaMigration Pluck (0.3ms)[0m  [1m[34mSELECT "schema_migrations"."version" FROM "schema_migrations" ORDER BY "schema_migrations"."version" ASC[0m
  [1m[36mCACHE ActiveRecord::SchemaMigration Pluck (0.0ms)[0m  [1m[34mSELECT "schema_migrations"."version" FROM "schema_migrations" ORDER BY "schema_migrations"."version" ASC[0m
  
ActiveRecord::PendingMigrationError (

Migrations are pending. To resolve this issue, run:

        bin/rails db:migrate RAILS_ENV=development

You have 2 pending migrations:

20230416152742_create_users.rb
20230416153410_create_admins.rb


):
  
activerecord (7.0.4.3) lib/active_record/migration.rb:627:in `check_pending!'
activerecord (7.0.4.3) lib/active_record/migration.rb:592:in `block (2 levels) in call'
activesupport (7.0.4.3) lib/active_support/file_update_checker.rb:83:in `execute'
activerecord (7.0.4.3) lib/active_record/migration.rb:597:in `block in call'
activerecord (7.0.4.3) lib/active_record/migration.rb:589:in `synchronize'
activerecord (7.0.4.3) lib/active_record/migration.rb:589:in `call'
actionpack (7.0.4.3) lib/action_dispatch/middleware/callbacks.rb:27:in `block in call'
activesupport (7.0.4.3) lib/active_support/callbacks.rb:99:in `run_callbacks'
actionpack (7.0.4.3) lib/action_dispatch/middleware/callbacks.rb:26:in `call'
actionpack (7.0.4.3) lib/action_dispatch/middleware/executor.rb:14:in `call'
actionpack (7.0.4.3) lib/action_dispatch/middleware/actionable_exceptions.rb:17:in `call'
actionpack (7.0.4.3) lib/action_dispatch/middleware/debug_exceptions.rb:28:in `call'
actionpack (7.0.4.3) lib/action_dispatch/middleware/show_exceptions.rb:26:in `call'
railties (7.0.4.3) lib/rails/rack/logger.rb:40:in `call_app'
railties (7.0.4.3) lib/rails/rack/logger.rb:25:in `block in call'
activesupport (7.0.4.3) lib/active_support/tagged_logging.rb:99:in `block in tagged'
activesupport (7.0.4.3) lib/active_support/tagged_logging.rb:37:in `tagged'
activesupport (7.0.4.3) lib/active_support/tagged_logging.rb:99:in `tagged'
railties (7.0.4.3) lib/rails/rack/logger.rb:25:in `call'
actionpack (7.0.4.3) lib/action_dispatch/middleware/remote_ip.rb:93:in `call'
actionpack (7.0.4.3) lib/action_dispatch/middleware/request_id.rb:26:in `call'
rack (2.2.6.4) lib/rack/runtime.rb:22:in `call'
activesupport (7.0.4.3) lib/active_support/cache/strategy/local_cache_middleware.rb:29:in `call'
actionpack (7.0.4.3) lib/action_dispatch/middleware/server_timing.rb:61:in `block in call'
actionpack (7.0.4.3) lib/action_dispatch/middleware/server_timing.rb:26:in `collect_events'
actionpack (7.0.4.3) lib/action_dispatch/middleware/server_timing.rb:60:in `call'
actionpack (7.0.4.3) lib/action_dispatch/middleware/executor.rb:14:in `call'
actionpack (7.0.4.3) lib/action_dispatch/middleware/static.rb:23:in `call'
rack (2.2.6.4) lib/rack/sendfile.rb:110:in `call'
actionpack (7.0.4.3) lib/action_dispatch/middleware/host_authorization.rb:137:in `call'
railties (7.0.4.3) lib/rails/engine.rb:530:in `call'
puma (5.6.5) lib/puma/configuration.rb:252:in `call'
puma (5.6.5) lib/puma/request.rb:77:in `block in handle_request'
puma (5.6.5) lib/puma/thread_pool.rb:340:in `with_force_shutdown'
puma (5.6.5) lib/puma/request.rb:76:in `handle_request'
puma (5.6.5) lib/puma/server.rb:443:in `process_client'
puma (5.6.5) lib/puma/thread_pool.rb:147:in `block in spawn_thread'
  [1m[36mActiveRecord::SchemaMigration Pluck (0.1ms)[0m  [1m[34mSELECT "schema_migrations"."version" FROM "schema_migrations" ORDER BY "schema_migrations"."version" ASC[0m
Migrating to CreateUsers (20230416152742)
  [1m[36mTRANSACTION (0.2ms)[0m  [1m[36mbegin transaction[0m
  [1m[35m (0.3ms)[0m  [1m[35mCREATE TABLE "users" ("id" integer PRIMARY KEY AUTOINCREMENT NOT NULL, "first_name" varchar, "surname" varchar, "email" varchar, "password_digest" varchar, "created_at" datetime(6) NOT NULL, "updated_at" datetime(6) NOT NULL)[0m
  [1m[36mActiveRecord::SchemaMigration Create (0.2ms)[0m  [1m[32mINSERT INTO "schema_migrations" ("version") VALUES (?)[0m  [["version", "20230416152742"]]
  [1m[36mTRANSACTION (5.9ms)[0m  [1m[36mcommit transaction[0m
Migrating to CreateAdmins (20230416153410)
  [1m[36mTRANSACTION (0.1ms)[0m  [1m[36mbegin transaction[0m
  [1m[35m (0.4ms)[0m  [1m[35mCREATE TABLE "admins" ("id" integer PRIMARY KEY AUTOINCREMENT NOT NULL, "first_name" varchar, "surname" varchar, "email" varchar, "password_digest" varchar, "created_at" datetime(6) NOT NULL, "updated_at" datetime(6) NOT NULL)[0m
  [1m[36mActiveRecord::SchemaMigration Create (0.2ms)[0m  [1m[32mINSERT INTO "schema_migrations" ("version") VALUES (?)[0m  [["version", "20230416153410"]]
  [1m[36mTRANSACTION (4.8ms)[0m  [1m[36mcommit transaction[0m
  [1m[36mActiveRecord::InternalMetadata Load (0.2ms)[0m  [1m[34mSELECT "ar_internal_metadata".* FROM "ar_internal_metadata" WHERE "ar_internal_metadata"."key" = ? LIMIT ?[0m  [["key", "environment"], ["LIMIT", 1]]
  [1m[36mTRANSACTION (0.1ms)[0m  [1m[36mbegin transaction[0m
  [1m[36mActiveRecord::InternalMetadata Create (0.7ms)[0m  [1m[32mINSERT INTO "ar_internal_metadata" ("key", "value", "created_at", "updated_at") VALUES (?, ?, ?, ?)[0m  [["key", "environment"], ["value", "development"], ["created_at", "2023-04-17 07:14:37.717598"], ["updated_at", "2023-04-17 07:14:37.717598"]]
  [1m[36mTRANSACTION (4.7ms)[0m  [1m[36mcommit transaction[0m
  [1m[36mActiveRecord::SchemaMigration Pluck (0.1ms)[0m  [1m[34mSELECT "schema_migrations"."version" FROM "schema_migrations" ORDER BY "schema_migrations"."version" ASC[0m
Started GET "/" for 127.0.0.1 at 2023-04-17 10:14:43 +0300
  [1m[36mActiveRecord::SchemaMigration Pluck (0.5ms)[0m  [1m[34mSELECT "schema_migrations"."version" FROM "schema_migrations" ORDER BY "schema_migrations"."version" ASC[0m
Processing by Rails::WelcomeController#index as HTML
  Rendering /home/mikel/.rbenv/versions/3.0.0/lib/ruby/gems/3.0.0/gems/railties-7.0.4.3/lib/rails/templates/rails/welcome/index.html.erb
  Rendered /home/mikel/.rbenv/versions/3.0.0/lib/ruby/gems/3.0.0/gems/railties-7.0.4.3/lib/rails/templates/rails/welcome/index.html.erb (Duration: 2.7ms | Allocations: 459)
Completed 200 OK in 8ms (Views: 4.8ms | ActiveRecord: 0.0ms | Allocations: 1423)


<<<<<<< HEAD
  [1m[36mActiveRecord::SchemaMigration Pluck (0.1ms)[0m  [1m[34mSELECT "schema_migrations"."version" FROM "schema_migrations" ORDER BY "schema_migrations"."version" ASC[0m
Migrating to CreateReportTypes (20230417074254)
  [1m[36mTRANSACTION (0.1ms)[0m  [1m[36mbegin transaction[0m
  [1m[35m (0.3ms)[0m  [1m[35mCREATE TABLE "report_types" ("id" integer PRIMARY KEY AUTOINCREMENT NOT NULL, "name" varchar, "created_at" datetime(6) NOT NULL, "updated_at" datetime(6) NOT NULL)[0m
  [1m[36mActiveRecord::SchemaMigration Create (0.2ms)[0m  [1m[32mINSERT INTO "schema_migrations" ("version") VALUES (?)[0m  [["version", "20230417074254"]]
  [1m[36mTRANSACTION (9.4ms)[0m  [1m[36mcommit transaction[0m
Migrating to CreateReportStatuses (20230417074256)
  [1m[36mTRANSACTION (0.1ms)[0m  [1m[36mbegin transaction[0m
  [1m[35m (0.4ms)[0m  [1m[35mCREATE TABLE "report_statuses" ("id" integer PRIMARY KEY AUTOINCREMENT NOT NULL, "name" varchar, "created_at" datetime(6) NOT NULL, "updated_at" datetime(6) NOT NULL)[0m
  [1m[36mActiveRecord::SchemaMigration Create (0.2ms)[0m  [1m[32mINSERT INTO "schema_migrations" ("version") VALUES (?)[0m  [["version", "20230417074256"]]
  [1m[36mTRANSACTION (8.2ms)[0m  [1m[36mcommit transaction[0m
Migrating to CreateReports (20230417075743)
  [1m[36mTRANSACTION (0.1ms)[0m  [1m[36mbegin transaction[0m
  [1m[35m (0.3ms)[0m  [1m[35mCREATE TABLE "reports" ("id" integer PRIMARY KEY AUTOINCREMENT NOT NULL, "created_at" datetime(6) NOT NULL, "updated_at" datetime(6) NOT NULL)[0m
  [1m[36mActiveRecord::SchemaMigration Create (0.3ms)[0m  [1m[32mINSERT INTO "schema_migrations" ("version") VALUES (?)[0m  [["version", "20230417075743"]]
  [1m[36mTRANSACTION (8.7ms)[0m  [1m[36mcommit transaction[0m
  [1m[36mActiveRecord::InternalMetadata Load (0.3ms)[0m  [1m[34mSELECT "ar_internal_metadata".* FROM "ar_internal_metadata" WHERE "ar_internal_metadata"."key" = ? LIMIT ?[0m  [["key", "environment"], ["LIMIT", 1]]
  [1m[36mActiveRecord::SchemaMigration Pluck (0.2ms)[0m  [1m[34mSELECT "schema_migrations"."version" FROM "schema_migrations" ORDER BY "schema_migrations"."version" ASC[0m
>>>>>>> Stashed changes
=======
>>>>>>> master
  [1m[36mActiveRecord::SchemaMigration Pluck (0.1ms)[0m  [1m[34mSELECT "schema_migrations"."version" FROM "schema_migrations" ORDER BY "schema_migrations"."version" ASC[0m
  [1m[36mActiveRecord::InternalMetadata Pluck (0.1ms)[0m  [1m[34mSELECT "ar_internal_metadata"."value" FROM "ar_internal_metadata" WHERE "ar_internal_metadata"."key" = ? LIMIT ?[0m  [["key", "environment"], ["LIMIT", 1]]
  [1m[36mActiveRecord::SchemaMigration Pluck (0.1ms)[0m  [1m[34mSELECT "schema_migrations"."version" FROM "schema_migrations" ORDER BY "schema_migrations"."version" ASC[0m
  [1m[36mActiveRecord::InternalMetadata Pluck (0.1ms)[0m  [1m[34mSELECT "ar_internal_metadata"."value" FROM "ar_internal_metadata" WHERE "ar_internal_metadata"."key" = ? LIMIT ?[0m  [["key", "environment"], ["LIMIT", 1]]
  [1m[36mActiveRecord::SchemaMigration Pluck (0.1ms)[0m  [1m[34mSELECT "schema_migrations"."version" FROM "schema_migrations" ORDER BY "schema_migrations"."version" ASC[0m
  [1m[36mActiveRecord::InternalMetadata Pluck (0.1ms)[0m  [1m[34mSELECT "ar_internal_metadata"."value" FROM "ar_internal_metadata" WHERE "ar_internal_metadata"."key" = ? LIMIT ?[0m  [["key", "environment"], ["LIMIT", 1]]
  [1m[35m (14.9ms)[0m  [1m[35mCREATE TABLE "schema_migrations" ("version" varchar NOT NULL PRIMARY KEY)[0m
  [1m[35m (9.7ms)[0m  [1m[35mCREATE TABLE "ar_internal_metadata" ("key" varchar NOT NULL PRIMARY KEY, "value" varchar, "created_at" datetime(6) NOT NULL, "updated_at" datetime(6) NOT NULL)[0m
  [1m[36mActiveRecord::SchemaMigration Pluck (0.3ms)[0m  [1m[34mSELECT "schema_migrations"."version" FROM "schema_migrations" ORDER BY "schema_migrations"."version" ASC[0m
Migrating to CreateUsers (20230416152742)
  [1m[36mTRANSACTION (0.1ms)[0m  [1m[36mbegin transaction[0m
  [1m[35m (0.5ms)[0m  [1m[35mCREATE TABLE "users" ("id" integer PRIMARY KEY AUTOINCREMENT NOT NULL, "first_name" varchar, "surname" varchar, "email" varchar, "password_digest" varchar, "created_at" datetime(6) NOT NULL, "updated_at" datetime(6) NOT NULL)[0m
  [1m[36mActiveRecord::SchemaMigration Create (0.2ms)[0m  [1m[32mINSERT INTO "schema_migrations" ("version") VALUES (?)[0m  [["version", "20230416152742"]]
  [1m[36mTRANSACTION (9.3ms)[0m  [1m[36mcommit transaction[0m
Migrating to CreateAdmins (20230416153410)
  [1m[36mTRANSACTION (0.4ms)[0m  [1m[36mbegin transaction[0m
  [1m[35m (0.4ms)[0m  [1m[35mCREATE TABLE "admins" ("id" integer PRIMARY KEY AUTOINCREMENT NOT NULL, "first_name" varchar, "surname" varchar, "email" varchar, "password_digest" varchar, "created_at" datetime(6) NOT NULL, "updated_at" datetime(6) NOT NULL)[0m
  [1m[36mActiveRecord::SchemaMigration Create (0.2ms)[0m  [1m[32mINSERT INTO "schema_migrations" ("version") VALUES (?)[0m  [["version", "20230416153410"]]
  [1m[36mTRANSACTION (9.4ms)[0m  [1m[36mcommit transaction[0m
Migrating to CreateReportTypes (20230417074254)
  [1m[36mTRANSACTION (0.1ms)[0m  [1m[36mbegin transaction[0m
  [1m[35m (0.4ms)[0m  [1m[35mCREATE TABLE "report_types" ("id" integer PRIMARY KEY AUTOINCREMENT NOT NULL, "name" varchar, "created_at" datetime(6) NOT NULL, "updated_at" datetime(6) NOT NULL)[0m
  [1m[36mActiveRecord::SchemaMigration Create (0.2ms)[0m  [1m[32mINSERT INTO "schema_migrations" ("version") VALUES (?)[0m  [["version", "20230417074254"]]
  [1m[36mTRANSACTION (9.0ms)[0m  [1m[36mcommit transaction[0m
Migrating to CreateReportStatuses (20230417074256)
  [1m[36mTRANSACTION (0.2ms)[0m  [1m[36mbegin transaction[0m
  [1m[35m (0.6ms)[0m  [1m[35mCREATE TABLE "report_statuses" ("id" integer PRIMARY KEY AUTOINCREMENT NOT NULL, "name" varchar, "created_at" datetime(6) NOT NULL, "updated_at" datetime(6) NOT NULL)[0m
  [1m[36mActiveRecord::SchemaMigration Create (0.3ms)[0m  [1m[32mINSERT INTO "schema_migrations" ("version") VALUES (?)[0m  [["version", "20230417074256"]]
  [1m[36mTRANSACTION (10.8ms)[0m  [1m[36mcommit transaction[0m
Migrating to CreateReports (20230417123740)
  [1m[36mTRANSACTION (0.1ms)[0m  [1m[36mbegin transaction[0m
  [1m[35m (0.4ms)[0m  [1m[35mCREATE TABLE "reports" ("id" integer PRIMARY KEY AUTOINCREMENT NOT NULL, "description" varchar, "image" varchar, "video" varchar, "gps_coordinates" varchar, "user_id" integer NOT NULL, "report_status_id" integer NOT NULL, "report_type_id" integer NOT NULL, "created_at" datetime(6) NOT NULL, "updated_at" datetime(6) NOT NULL, CONSTRAINT "fk_rails_c7699d537d"
FOREIGN KEY ("user_id")
  REFERENCES "users" ("id")
, CONSTRAINT "fk_rails_d1dbb38e4a"
FOREIGN KEY ("report_status_id")
  REFERENCES "report_statuses" ("id")
, CONSTRAINT "fk_rails_d0ffedf8a4"
FOREIGN KEY ("report_type_id")
  REFERENCES "report_types" ("id")
)[0m
  [1m[35m (0.2ms)[0m  [1m[35mCREATE INDEX "index_reports_on_user_id" ON "reports" ("user_id")[0m
  [1m[35m (0.2ms)[0m  [1m[35mCREATE INDEX "index_reports_on_report_status_id" ON "reports" ("report_status_id")[0m
  [1m[35m (0.2ms)[0m  [1m[35mCREATE INDEX "index_reports_on_report_type_id" ON "reports" ("report_type_id")[0m
  [1m[36mActiveRecord::SchemaMigration Create (0.3ms)[0m  [1m[32mINSERT INTO "schema_migrations" ("version") VALUES (?)[0m  [["version", "20230417123740"]]
  [1m[36mTRANSACTION (8.6ms)[0m  [1m[36mcommit transaction[0m
  [1m[36mActiveRecord::InternalMetadata Load (0.2ms)[0m  [1m[34mSELECT "ar_internal_metadata".* FROM "ar_internal_metadata" WHERE "ar_internal_metadata"."key" = ? LIMIT ?[0m  [["key", "environment"], ["LIMIT", 1]]
  [1m[36mTRANSACTION (0.1ms)[0m  [1m[36mbegin transaction[0m
  [1m[36mActiveRecord::InternalMetadata Create (0.3ms)[0m  [1m[32mINSERT INTO "ar_internal_metadata" ("key", "value", "created_at", "updated_at") VALUES (?, ?, ?, ?)[0m  [["key", "environment"], ["value", "development"], ["created_at", "2023-04-17 12:50:44.597705"], ["updated_at", "2023-04-17 12:50:44.597705"]]
  [1m[36mTRANSACTION (5.9ms)[0m  [1m[36mcommit transaction[0m
  [1m[36mActiveRecord::SchemaMigration Pluck (0.2ms)[0m  [1m[34mSELECT "schema_migrations"."version" FROM "schema_migrations" ORDER BY "schema_migrations"."version" ASC[0m
  [1m[36mActiveRecord::SchemaMigration Pluck (0.4ms)[0m  [1m[34mSELECT "schema_migrations"."version" FROM "schema_migrations" ORDER BY "schema_migrations"."version" ASC[0m
  [1m[36mActiveRecord::InternalMetadata Load (0.2ms)[0m  [1m[34mSELECT "ar_internal_metadata".* FROM "ar_internal_metadata" WHERE "ar_internal_metadata"."key" = ? LIMIT ?[0m  [["key", "environment"], ["LIMIT", 1]]
  [1m[36mActiveRecord::SchemaMigration Pluck (0.1ms)[0m  [1m[34mSELECT "schema_migrations"."version" FROM "schema_migrations" ORDER BY "schema_migrations"."version" ASC[0m
  [1m[36mActiveRecord::SchemaMigration Pluck (0.1ms)[0m  [1m[34mSELECT "schema_migrations"."version" FROM "schema_migrations" ORDER BY "schema_migrations"."version" ASC[0m
  [1m[36mActiveRecord::SchemaMigration Pluck (0.1ms)[0m  [1m[34mSELECT "schema_migrations"."version" FROM "schema_migrations" ORDER BY "schema_migrations"."version" ASC[0m
  [1m[36mTRANSACTION (0.1ms)[0m  [1m[36mbegin transaction[0m
  [1m[36mReportType Create (0.3ms)[0m  [1m[32mINSERT INTO "report_types" ("name", "created_at", "updated_at") VALUES (?, ?, ?)[0m  [["name", "Corruption"], ["created_at", "2023-04-17 18:42:02.312231"], ["updated_at", "2023-04-17 18:42:02.312231"]]
  [1m[36mTRANSACTION (12.7ms)[0m  [1m[36mcommit transaction[0m
  [1m[36mTRANSACTION (0.1ms)[0m  [1m[36mbegin transaction[0m
  [1m[36mReportType Create (0.3ms)[0m  [1m[32mINSERT INTO "report_types" ("name", "created_at", "updated_at") VALUES (?, ?, ?)[0m  [["name", "Intervention"], ["created_at", "2023-04-17 18:42:02.329069"], ["updated_at", "2023-04-17 18:42:02.329069"]]
  [1m[36mTRANSACTION (6.4ms)[0m  [1m[36mcommit transaction[0m
  [1m[36mTRANSACTION (0.1ms)[0m  [1m[36mbegin transaction[0m
  [1m[36mReportType Create (0.3ms)[0m  [1m[32mINSERT INTO "report_types" ("name", "created_at", "updated_at") VALUES (?, ?, ?)[0m  [["name", "Other"], ["created_at", "2023-04-17 18:42:02.339395"], ["updated_at", "2023-04-17 18:42:02.339395"]]
  [1m[36mTRANSACTION (6.7ms)[0m  [1m[36mcommit transaction[0m
  [1m[36mActiveRecord::SchemaMigration Pluck (0.1ms)[0m  [1m[34mSELECT "schema_migrations"."version" FROM "schema_migrations" ORDER BY "schema_migrations"."version" ASC[0m
  [1m[36mTRANSACTION (0.1ms)[0m  [1m[36mbegin transaction[0m
  [1m[36mReportType Create (0.3ms)[0m  [1m[32mINSERT INTO "report_types" ("name", "created_at", "updated_at") VALUES (?, ?, ?)[0m  [["name", "Corruption"], ["created_at", "2023-04-17 18:43:58.516673"], ["updated_at", "2023-04-17 18:43:58.516673"]]
  [1m[36mTRANSACTION (12.8ms)[0m  [1m[36mcommit transaction[0m
  [1m[36mTRANSACTION (0.1ms)[0m  [1m[36mbegin transaction[0m
  [1m[36mReportType Create (0.6ms)[0m  [1m[32mINSERT INTO "report_types" ("name", "created_at", "updated_at") VALUES (?, ?, ?)[0m  [["name", "Intervention"], ["created_at", "2023-04-17 18:43:58.534306"], ["updated_at", "2023-04-17 18:43:58.534306"]]
  [1m[36mTRANSACTION (7.0ms)[0m  [1m[36mcommit transaction[0m
  [1m[36mTRANSACTION (0.1ms)[0m  [1m[36mbegin transaction[0m
  [1m[36mReportType Create (0.4ms)[0m  [1m[32mINSERT INTO "report_types" ("name", "created_at", "updated_at") VALUES (?, ?, ?)[0m  [["name", "Other"], ["created_at", "2023-04-17 18:43:58.549186"], ["updated_at", "2023-04-17 18:43:58.549186"]]
  [1m[36mTRANSACTION (7.1ms)[0m  [1m[36mcommit transaction[0m
  [1m[36mActiveRecord::SchemaMigration Pluck (0.1ms)[0m  [1m[34mSELECT "schema_migrations"."version" FROM "schema_migrations" ORDER BY "schema_migrations"."version" ASC[0m
  [1m[36mActiveRecord::SchemaMigration Pluck (0.2ms)[0m  [1m[34mSELECT "schema_migrations"."version" FROM "schema_migrations" ORDER BY "schema_migrations"."version" ASC[0m
  [1m[36mActiveRecord::SchemaMigration Pluck (0.1ms)[0m  [1m[34mSELECT "schema_migrations"."version" FROM "schema_migrations" ORDER BY "schema_migrations"."version" ASC[0m
  [1m[36mTRANSACTION (0.1ms)[0m  [1m[36mbegin transaction[0m
  [1m[36mReportType Create (0.3ms)[0m  [1m[32mINSERT INTO "report_types" ("name", "created_at", "updated_at") VALUES (?, ?, ?)[0m  [["name", "Red-Flag"], ["created_at", "2023-04-17 18:47:48.338281"], ["updated_at", "2023-04-17 18:47:48.338281"]]
  [1m[36mTRANSACTION (12.0ms)[0m  [1m[36mcommit transaction[0m
  [1m[36mTRANSACTION (0.1ms)[0m  [1m[36mbegin transaction[0m
  [1m[36mReportType Create (0.4ms)[0m  [1m[32mINSERT INTO "report_types" ("name", "created_at", "updated_at") VALUES (?, ?, ?)[0m  [["name", "Intervention"], ["created_at", "2023-04-17 18:47:48.356579"], ["updated_at", "2023-04-17 18:47:48.356579"]]
  [1m[36mTRANSACTION (6.7ms)[0m  [1m[36mcommit transaction[0m
  [1m[36mActiveRecord::SchemaMigration Pluck (0.1ms)[0m  [1m[34mSELECT "schema_migrations"."version" FROM "schema_migrations" ORDER BY "schema_migrations"."version" ASC[0m
  [1m[36mTRANSACTION (0.1ms)[0m  [1m[36mbegin transaction[0m
  [1m[36mReportType Create (0.3ms)[0m  [1m[32mINSERT INTO "report_types" ("name", "created_at", "updated_at") VALUES (?, ?, ?)[0m  [["name", "Red-Flag"], ["created_at", "2023-04-17 18:51:30.631621"], ["updated_at", "2023-04-17 18:51:30.631621"]]
  [1m[36mTRANSACTION (12.3ms)[0m  [1m[36mcommit transaction[0m
  [1m[36mTRANSACTION (0.2ms)[0m  [1m[36mbegin transaction[0m
  [1m[36mReportType Create (0.6ms)[0m  [1m[32mINSERT INTO "report_types" ("name", "created_at", "updated_at") VALUES (?, ?, ?)[0m  [["name", "Intervention"], ["created_at", "2023-04-17 18:51:30.649091"], ["updated_at", "2023-04-17 18:51:30.649091"]]
  [1m[36mTRANSACTION (6.5ms)[0m  [1m[36mcommit transaction[0m
  [1m[36mActiveRecord::SchemaMigration Pluck (0.1ms)[0m  [1m[34mSELECT "schema_migrations"."version" FROM "schema_migrations" ORDER BY "schema_migrations"."version" ASC[0m
  [1m[36mTRANSACTION (0.1ms)[0m  [1m[36mbegin transaction[0m
  [1m[36mReportType Create (0.3ms)[0m  [1m[32mINSERT INTO "report_types" ("name", "created_at", "updated_at") VALUES (?, ?, ?)[0m  [["name", "Red-Flag"], ["created_at", "2023-04-17 18:51:49.957552"], ["updated_at", "2023-04-17 18:51:49.957552"]]
  [1m[36mTRANSACTION (12.6ms)[0m  [1m[36mcommit transaction[0m
  [1m[36mTRANSACTION (0.1ms)[0m  [1m[36mbegin transaction[0m
  [1m[36mReportType Create (0.9ms)[0m  [1m[32mINSERT INTO "report_types" ("name", "created_at", "updated_at") VALUES (?, ?, ?)[0m  [["name", "Intervention"], ["created_at", "2023-04-17 18:51:49.975364"], ["updated_at", "2023-04-17 18:51:49.975364"]]
  [1m[36mTRANSACTION (6.8ms)[0m  [1m[36mcommit transaction[0m
  [1m[36mActiveRecord::SchemaMigration Pluck (0.1ms)[0m  [1m[34mSELECT "schema_migrations"."version" FROM "schema_migrations" ORDER BY "schema_migrations"."version" ASC[0m
  [1m[36mTRANSACTION (0.1ms)[0m  [1m[36mbegin transaction[0m
  [1m[36mReportType Create (0.4ms)[0m  [1m[32mINSERT INTO "report_types" ("name", "created_at", "updated_at") VALUES (?, ?, ?)[0m  [["name", "Red-Flag"], ["created_at", "2023-04-17 18:52:22.219828"], ["updated_at", "2023-04-17 18:52:22.219828"]]
  [1m[36mTRANSACTION (13.5ms)[0m  [1m[36mcommit transaction[0m
  [1m[36mTRANSACTION (0.1ms)[0m  [1m[36mbegin transaction[0m
  [1m[36mReportType Create (0.7ms)[0m  [1m[32mINSERT INTO "report_types" ("name", "created_at", "updated_at") VALUES (?, ?, ?)[0m  [["name", "Intervention"], ["created_at", "2023-04-17 18:52:22.239865"], ["updated_at", "2023-04-17 18:52:22.239865"]]
  [1m[36mTRANSACTION (7.1ms)[0m  [1m[36mcommit transaction[0m
  [1m[36mTRANSACTION (0.1ms)[0m  [1m[36mbegin transaction[0m
  [1m[36mReportStatus Create (0.5ms)[0m  [1m[32mINSERT INTO "report_statuses" ("name", "created_at", "updated_at") VALUES (?, ?, ?)[0m  [["name", "Under Investigation"], ["created_at", "2023-04-17 18:52:22.271088"], ["updated_at", "2023-04-17 18:52:22.271088"]]
  [1m[36mTRANSACTION (6.4ms)[0m  [1m[36mcommit transaction[0m
  [1m[36mTRANSACTION (0.1ms)[0m  [1m[36mbegin transaction[0m
  [1m[36mReportStatus Create (0.3ms)[0m  [1m[32mINSERT INTO "report_statuses" ("name", "created_at", "updated_at") VALUES (?, ?, ?)[0m  [["name", "Resolved"], ["created_at", "2023-04-17 18:52:22.283842"], ["updated_at", "2023-04-17 18:52:22.283842"]]
  [1m[36mTRANSACTION (6.6ms)[0m  [1m[36mcommit transaction[0m
  [1m[36mTRANSACTION (0.1ms)[0m  [1m[36mbegin transaction[0m
  [1m[36mReportStatus Create (0.8ms)[0m  [1m[32mINSERT INTO "report_statuses" ("name", "created_at", "updated_at") VALUES (?, ?, ?)[0m  [["name", "Rejected"], ["created_at", "2023-04-17 18:52:22.295616"], ["updated_at", "2023-04-17 18:52:22.295616"]]
  [1m[36mTRANSACTION (9.7ms)[0m  [1m[36mcommit transaction[0m
  [1m[36mActiveRecord::SchemaMigration Pluck (0.1ms)[0m  [1m[34mSELECT "schema_migrations"."version" FROM "schema_migrations" ORDER BY "schema_migrations"."version" ASC[0m
  [1m[36mTRANSACTION (0.1ms)[0m  [1m[36mbegin transaction[0m
  [1m[36mReportType Create (0.3ms)[0m  [1m[32mINSERT INTO "report_types" ("name", "created_at", "updated_at") VALUES (?, ?, ?)[0m  [["name", "Red-Flag"], ["created_at", "2023-04-17 18:53:00.103325"], ["updated_at", "2023-04-17 18:53:00.103325"]]
  [1m[36mTRANSACTION (6.5ms)[0m  [1m[36mcommit transaction[0m
  [1m[36mTRANSACTION (0.2ms)[0m  [1m[36mbegin transaction[0m
  [1m[36mReportType Create (0.5ms)[0m  [1m[32mINSERT INTO "report_types" ("name", "created_at", "updated_at") VALUES (?, ?, ?)[0m  [["name", "Intervention"], ["created_at", "2023-04-17 18:53:00.115166"], ["updated_at", "2023-04-17 18:53:00.115166"]]
  [1m[36mTRANSACTION (6.4ms)[0m  [1m[36mcommit transaction[0m
  [1m[36mTRANSACTION (0.1ms)[0m  [1m[36mbegin transaction[0m
  [1m[36mReportStatus Create (0.3ms)[0m  [1m[32mINSERT INTO "report_statuses" ("name", "created_at", "updated_at") VALUES (?, ?, ?)[0m  [["name", "Under Investigation"], ["created_at", "2023-04-17 18:53:00.135359"], ["updated_at", "2023-04-17 18:53:00.135359"]]
  [1m[36mTRANSACTION (6.2ms)[0m  [1m[36mcommit transaction[0m
  [1m[36mTRANSACTION (0.0ms)[0m  [1m[36mbegin transaction[0m
  [1m[36mReportStatus Create (0.3ms)[0m  [1m[32mINSERT INTO "report_statuses" ("name", "created_at", "updated_at") VALUES (?, ?, ?)[0m  [["name", "Resolved"], ["created_at", "2023-04-17 18:53:00.145396"], ["updated_at", "2023-04-17 18:53:00.145396"]]
  [1m[36mTRANSACTION (6.6ms)[0m  [1m[36mcommit transaction[0m
  [1m[36mTRANSACTION (0.1ms)[0m  [1m[36mbegin transaction[0m
  [1m[36mReportStatus Create (0.7ms)[0m  [1m[32mINSERT INTO "report_statuses" ("name", "created_at", "updated_at") VALUES (?, ?, ?)[0m  [["name", "Rejected"], ["created_at", "2023-04-17 18:53:00.157564"], ["updated_at", "2023-04-17 18:53:00.157564"]]
  [1m[36mTRANSACTION (6.7ms)[0m  [1m[36mcommit transaction[0m
  [1m[36mActiveRecord::SchemaMigration Pluck (0.1ms)[0m  [1m[34mSELECT "schema_migrations"."version" FROM "schema_migrations" ORDER BY "schema_migrations"."version" ASC[0m
  [1m[36mTRANSACTION (0.1ms)[0m  [1m[36mbegin transaction[0m
  [1m[36mReportType Create (0.3ms)[0m  [1m[32mINSERT INTO "report_types" ("name", "created_at", "updated_at") VALUES (?, ?, ?)[0m  [["name", "Red-Flag"], ["created_at", "2023-04-17 18:54:01.722726"], ["updated_at", "2023-04-17 18:54:01.722726"]]
  [1m[36mTRANSACTION (16.6ms)[0m  [1m[36mcommit transaction[0m
  [1m[36mTRANSACTION (0.1ms)[0m  [1m[36mbegin transaction[0m
  [1m[36mReportType Create (0.6ms)[0m  [1m[32mINSERT INTO "report_types" ("name", "created_at", "updated_at") VALUES (?, ?, ?)[0m  [["name", "Intervention"], ["created_at", "2023-04-17 18:54:01.744432"], ["updated_at", "2023-04-17 18:54:01.744432"]]
  [1m[36mTRANSACTION (7.2ms)[0m  [1m[36mcommit transaction[0m
  [1m[36mTRANSACTION (0.1ms)[0m  [1m[36mbegin transaction[0m
  [1m[36mReportStatus Create (0.5ms)[0m  [1m[32mINSERT INTO "report_statuses" ("name", "created_at", "updated_at") VALUES (?, ?, ?)[0m  [["name", "Under Investigation"], ["created_at", "2023-04-17 18:54:01.772824"], ["updated_at", "2023-04-17 18:54:01.772824"]]
  [1m[36mTRANSACTION (6.5ms)[0m  [1m[36mcommit transaction[0m
  [1m[36mTRANSACTION (0.1ms)[0m  [1m[36mbegin transaction[0m
  [1m[36mReportStatus Create (0.3ms)[0m  [1m[32mINSERT INTO "report_statuses" ("name", "created_at", "updated_at") VALUES (?, ?, ?)[0m  [["name", "Resolved"], ["created_at", "2023-04-17 18:54:01.784712"], ["updated_at", "2023-04-17 18:54:01.784712"]]
  [1m[36mTRANSACTION (7.4ms)[0m  [1m[36mcommit transaction[0m
  [1m[36mTRANSACTION (0.1ms)[0m  [1m[36mbegin transaction[0m
  [1m[36mReportStatus Create (0.3ms)[0m  [1m[32mINSERT INTO "report_statuses" ("name", "created_at", "updated_at") VALUES (?, ?, ?)[0m  [["name", "Rejected"], ["created_at", "2023-04-17 18:54:01.796080"], ["updated_at", "2023-04-17 18:54:01.796080"]]
  [1m[36mTRANSACTION (6.5ms)[0m  [1m[36mcommit transaction[0m
  [1m[36mActiveRecord::SchemaMigration Pluck (0.1ms)[0m  [1m[34mSELECT "schema_migrations"."version" FROM "schema_migrations" ORDER BY "schema_migrations"."version" ASC[0m
  [1m[36mTRANSACTION (0.1ms)[0m  [1m[36mbegin transaction[0m
  [1m[36mReportType Create (0.3ms)[0m  [1m[32mINSERT INTO "report_types" ("name", "created_at", "updated_at") VALUES (?, ?, ?)[0m  [["name", "Red-Flag"], ["created_at", "2023-04-17 18:54:19.172661"], ["updated_at", "2023-04-17 18:54:19.172661"]]
  [1m[36mTRANSACTION (12.1ms)[0m  [1m[36mcommit transaction[0m
  [1m[36mTRANSACTION (0.1ms)[0m  [1m[36mbegin transaction[0m
  [1m[36mReportType Create (0.7ms)[0m  [1m[32mINSERT INTO "report_types" ("name", "created_at", "updated_at") VALUES (?, ?, ?)[0m  [["name", "Intervention"], ["created_at", "2023-04-17 18:54:19.190174"], ["updated_at", "2023-04-17 18:54:19.190174"]]
  [1m[36mTRANSACTION (6.6ms)[0m  [1m[36mcommit transaction[0m
  [1m[36mTRANSACTION (0.2ms)[0m  [1m[36mbegin transaction[0m
  [1m[36mReportStatus Create (0.7ms)[0m  [1m[32mINSERT INTO "report_statuses" ("name", "created_at", "updated_at") VALUES (?, ?, ?)[0m  [["name", "Under Investigation"], ["created_at", "2023-04-17 18:54:19.220746"], ["updated_at", "2023-04-17 18:54:19.220746"]]
  [1m[36mTRANSACTION (6.6ms)[0m  [1m[36mcommit transaction[0m
  [1m[36mTRANSACTION (0.1ms)[0m  [1m[36mbegin transaction[0m
  [1m[36mReportStatus Create (0.3ms)[0m  [1m[32mINSERT INTO "report_statuses" ("name", "created_at", "updated_at") VALUES (?, ?, ?)[0m  [["name", "Resolved"], ["created_at", "2023-04-17 18:54:19.236053"], ["updated_at", "2023-04-17 18:54:19.236053"]]
  [1m[36mTRANSACTION (6.4ms)[0m  [1m[36mcommit transaction[0m
  [1m[36mTRANSACTION (0.1ms)[0m  [1m[36mbegin transaction[0m
  [1m[36mReportStatus Create (0.3ms)[0m  [1m[32mINSERT INTO "report_statuses" ("name", "created_at", "updated_at") VALUES (?, ?, ?)[0m  [["name", "Rejected"], ["created_at", "2023-04-17 18:54:19.246389"], ["updated_at", "2023-04-17 18:54:19.246389"]]
  [1m[36mTRANSACTION (6.3ms)[0m  [1m[36mcommit transaction[0m
  [1m[36mTRANSACTION (0.1ms)[0m  [1m[36mbegin transaction[0m
  [1m[36mAdmin Create (0.3ms)[0m  [1m[32mINSERT INTO "admins" ("first_name", "surname", "email", "password_digest", "created_at", "updated_at") VALUES (?, ?, ?, ?, ?, ?)[0m  [["first_name", "John"], ["surname", "Doe"], ["email", "johndoe@admin.com"], ["password_digest", "[FILTERED]"], ["created_at", "2023-04-17 18:54:19.271289"], ["updated_at", "2023-04-17 18:54:19.271289"]]
  [1m[36mTRANSACTION (6.4ms)[0m  [1m[36mcommit transaction[0m
  [1m[36mActiveRecord::SchemaMigration Pluck (0.1ms)[0m  [1m[34mSELECT "schema_migrations"."version" FROM "schema_migrations" ORDER BY "schema_migrations"."version" ASC[0m
  [1m[36mTRANSACTION (0.1ms)[0m  [1m[36mbegin transaction[0m
  [1m[36mReportType Create (0.3ms)[0m  [1m[32mINSERT INTO "report_types" ("name", "created_at", "updated_at") VALUES (?, ?, ?)[0m  [["name", "Red-Flag"], ["created_at", "2023-04-17 18:55:09.737913"], ["updated_at", "2023-04-17 18:55:09.737913"]]
  [1m[36mTRANSACTION (12.9ms)[0m  [1m[36mcommit transaction[0m
  [1m[36mTRANSACTION (0.1ms)[0m  [1m[36mbegin transaction[0m
  [1m[36mReportType Create (0.7ms)[0m  [1m[32mINSERT INTO "report_types" ("name", "created_at", "updated_at") VALUES (?, ?, ?)[0m  [["name", "Intervention"], ["created_at", "2023-04-17 18:55:09.756620"], ["updated_at", "2023-04-17 18:55:09.756620"]]
  [1m[36mTRANSACTION (6.3ms)[0m  [1m[36mcommit transaction[0m
  [1m[36mTRANSACTION (0.1ms)[0m  [1m[36mbegin transaction[0m
  [1m[36mReportStatus Create (0.4ms)[0m  [1m[32mINSERT INTO "report_statuses" ("name", "created_at", "updated_at") VALUES (?, ?, ?)[0m  [["name", "Under Investigation"], ["created_at", "2023-04-17 18:55:09.779020"], ["updated_at", "2023-04-17 18:55:09.779020"]]
  [1m[36mTRANSACTION (5.8ms)[0m  [1m[36mcommit transaction[0m
  [1m[36mTRANSACTION (0.1ms)[0m  [1m[36mbegin transaction[0m
  [1m[36mReportStatus Create (0.3ms)[0m  [1m[32mINSERT INTO "report_statuses" ("name", "created_at", "updated_at") VALUES (?, ?, ?)[0m  [["name", "Resolved"], ["created_at", "2023-04-17 18:55:09.789797"], ["updated_at", "2023-04-17 18:55:09.789797"]]
  [1m[36mTRANSACTION (12.3ms)[0m  [1m[36mcommit transaction[0m
  [1m[36mTRANSACTION (0.0ms)[0m  [1m[36mbegin transaction[0m
  [1m[36mReportStatus Create (0.3ms)[0m  [1m[32mINSERT INTO "report_statuses" ("name", "created_at", "updated_at") VALUES (?, ?, ?)[0m  [["name", "Rejected"], ["created_at", "2023-04-17 18:55:09.805680"], ["updated_at", "2023-04-17 18:55:09.805680"]]
  [1m[36mTRANSACTION (15.1ms)[0m  [1m[36mcommit transaction[0m
  [1m[36mTRANSACTION (0.1ms)[0m  [1m[36mbegin transaction[0m
  [1m[36mAdmin Create (0.3ms)[0m  [1m[32mINSERT INTO "admins" ("first_name", "surname", "email", "password_digest", "created_at", "updated_at") VALUES (?, ?, ?, ?, ?, ?)[0m  [["first_name", "John"], ["surname", "Doe"], ["email", "johndoe@admin.com"], ["password_digest", "[FILTERED]"], ["created_at", "2023-04-17 18:55:09.836065"], ["updated_at", "2023-04-17 18:55:09.836065"]]
  [1m[36mTRANSACTION (6.0ms)[0m  [1m[36mcommit transaction[0m
  [1m[36mTRANSACTION (0.0ms)[0m  [1m[36mbegin transaction[0m
  [1m[36mUser Create (0.2ms)[0m  [1m[32mINSERT INTO "users" ("first_name", "surname", "email", "password_digest", "created_at", "updated_at") VALUES (?, ?, ?, ?, ?, ?)[0m  [["first_name", "Jane"], ["surname", "Doe"], ["email", "janedoe@example.com"], ["password_digest", "[FILTERED]"], ["created_at", "2023-04-17 18:55:09.850895"], ["updated_at", "2023-04-17 18:55:09.850895"]]
  [1m[36mTRANSACTION (6.0ms)[0m  [1m[36mcommit transaction[0m
  [1m[36mTRANSACTION (0.1ms)[0m  [1m[36mbegin transaction[0m
  [1m[36mUser Create (0.3ms)[0m  [1m[32mINSERT INTO "users" ("first_name", "surname", "email", "password_digest", "created_at", "updated_at") VALUES (?, ?, ?, ?, ?, ?)[0m  [["first_name", "Bob"], ["surname", "Smith"], ["email", "bobsmith@example.com"], ["password_digest", "[FILTERED]"], ["created_at", "2023-04-17 18:55:09.860738"], ["updated_at", "2023-04-17 18:55:09.860738"]]
  [1m[36mTRANSACTION (6.0ms)[0m  [1m[36mcommit transaction[0m
  [1m[36mReportType Load (0.2ms)[0m  [1m[34mSELECT "report_types".* FROM "report_types" WHERE "report_types"."name" = ? LIMIT ?[0m  [["name", "Red-Flag"], ["LIMIT", 1]]
  [1m[36mActiveRecord::SchemaMigration Pluck (0.2ms)[0m  [1m[34mSELECT "schema_migrations"."version" FROM "schema_migrations" ORDER BY "schema_migrations"."version" ASC[0m
  [1m[36mActiveRecord::SchemaMigration Pluck (0.1ms)[0m  [1m[34mSELECT "schema_migrations"."version" FROM "schema_migrations" ORDER BY "schema_migrations"."version" ASC[0m
  [1m[36mTRANSACTION (0.1ms)[0m  [1m[36mbegin transaction[0m
  [1m[36mAdmin Create (0.3ms)[0m  [1m[32mINSERT INTO "admins" ("first_name", "surname", "email", "password_digest", "created_at", "updated_at") VALUES (?, ?, ?, ?, ?, ?)[0m  [["first_name", "Admin"], ["surname", "User"], ["email", "admin@example.com"], ["password_digest", "[FILTERED]"], ["created_at", "2023-04-17 18:59:22.338752"], ["updated_at", "2023-04-17 18:59:22.338752"]]
  [1m[36mTRANSACTION (13.0ms)[0m  [1m[36mcommit transaction[0m
  [1m[36mTRANSACTION (0.1ms)[0m  [1m[36mbegin transaction[0m
  [1m[36mReportType Create (0.3ms)[0m  [1m[32mINSERT INTO "report_types" ("name", "created_at", "updated_at") VALUES (?, ?, ?)[0m  [["name", "Accident"], ["created_at", "2023-04-17 18:59:22.368733"], ["updated_at", "2023-04-17 18:59:22.368733"]]
  [1m[36mTRANSACTION (6.6ms)[0m  [1m[36mcommit transaction[0m
  [1m[36mTRANSACTION (0.1ms)[0m  [1m[36mbegin transaction[0m
  [1m[36mReportType Create (0.2ms)[0m  [1m[32mINSERT INTO "report_types" ("name", "created_at", "updated_at") VALUES (?, ?, ?)[0m  [["name", "Crime"], ["created_at", "2023-04-17 18:59:22.379376"], ["updated_at", "2023-04-17 18:59:22.379376"]]
  [1m[36mTRANSACTION (6.6ms)[0m  [1m[36mcommit transaction[0m
  [1m[36mTRANSACTION (0.1ms)[0m  [1m[36mbegin transaction[0m
  [1m[36mReportType Create (0.3ms)[0m  [1m[32mINSERT INTO "report_types" ("name", "created_at", "updated_at") VALUES (?, ?, ?)[0m  [["name", "Fire"], ["created_at", "2023-04-17 18:59:22.389278"], ["updated_at", "2023-04-17 18:59:22.389278"]]
  [1m[36mTRANSACTION (6.8ms)[0m  [1m[36mcommit transaction[0m
  [1m[36mTRANSACTION (0.1ms)[0m  [1m[36mbegin transaction[0m
  [1m[36mReportStatus Create (0.5ms)[0m  [1m[32mINSERT INTO "report_statuses" ("name", "created_at", "updated_at") VALUES (?, ?, ?)[0m  [["name", "Pending"], ["created_at", "2023-04-17 18:59:22.410865"], ["updated_at", "2023-04-17 18:59:22.410865"]]
  [1m[36mTRANSACTION (6.7ms)[0m  [1m[36mcommit transaction[0m
  [1m[36mTRANSACTION (0.1ms)[0m  [1m[36mbegin transaction[0m
  [1m[36mReportStatus Create (0.7ms)[0m  [1m[32mINSERT INTO "report_statuses" ("name", "created_at", "updated_at") VALUES (?, ?, ?)[0m  [["name", "In Progress"], ["created_at", "2023-04-17 18:59:22.425035"], ["updated_at", "2023-04-17 18:59:22.425035"]]
  [1m[36mTRANSACTION (7.1ms)[0m  [1m[36mcommit transaction[0m
  [1m[36mTRANSACTION (0.2ms)[0m  [1m[36mbegin transaction[0m
  [1m[36mReportStatus Create (0.7ms)[0m  [1m[32mINSERT INTO "report_statuses" ("name", "created_at", "updated_at") VALUES (?, ?, ?)[0m  [["name", "Resolved"], ["created_at", "2023-04-17 18:59:22.442103"], ["updated_at", "2023-04-17 18:59:22.442103"]]
  [1m[36mTRANSACTION (6.5ms)[0m  [1m[36mcommit transaction[0m
  [1m[36mTRANSACTION (0.1ms)[0m  [1m[36mbegin transaction[0m
  [1m[36mUser Create (0.4ms)[0m  [1m[32mINSERT INTO "users" ("first_name", "surname", "email", "password_digest", "created_at", "updated_at") VALUES (?, ?, ?, ?, ?, ?)[0m  [["first_name", "John"], ["surname", "Doe"], ["email", "johndoe@example.com"], ["password_digest", "[FILTERED]"], ["created_at", "2023-04-17 18:59:22.467783"], ["updated_at", "2023-04-17 18:59:22.467783"]]
  [1m[36mTRANSACTION (6.2ms)[0m  [1m[36mcommit transaction[0m
  [1m[36mTRANSACTION (0.1ms)[0m  [1m[36mbegin transaction[0m
  [1m[36mUser Create (0.3ms)[0m  [1m[32mINSERT INTO "users" ("first_name", "surname", "email", "password_digest", "created_at", "updated_at") VALUES (?, ?, ?, ?, ?, ?)[0m  [["first_name", "Jane"], ["surname", "Doe"], ["email", "janedoe@example.com"], ["password_digest", "[FILTERED]"], ["created_at", "2023-04-17 18:59:22.478871"], ["updated_at", "2023-04-17 18:59:22.478871"]]
  [1m[36mTRANSACTION (6.1ms)[0m  [1m[36mcommit transaction[0m
  [1m[36mTRANSACTION (0.1ms)[0m  [1m[36mbegin transaction[0m
  [1m[36mUser Load (0.1ms)[0m  [1m[34mSELECT "users".* FROM "users" WHERE "users"."id" = ? LIMIT ?[0m  [["id", 1], ["LIMIT", 1]]
  [1m[36mReportStatus Load (0.1ms)[0m  [1m[34mSELECT "report_statuses".* FROM "report_statuses" WHERE "report_statuses"."id" = ? LIMIT ?[0m  [["id", 1], ["LIMIT", 1]]
  [1m[36mReportType Load (0.1ms)[0m  [1m[34mSELECT "report_types".* FROM "report_types" WHERE "report_types"."id" = ? LIMIT ?[0m  [["id", 1], ["LIMIT", 1]]
  [1m[36mReport Create (0.3ms)[0m  [1m[32mINSERT INTO "reports" ("description", "image", "video", "gps_coordinates", "user_id", "report_status_id", "report_type_id", "created_at", "updated_at") VALUES (?, ?, ?, ?, ?, ?, ?, ?, ?)[0m  [["description", "Car accident on Main Street"], ["image", "https://example.com/car-accident.jpg"], ["video", "https://example.com/car-accident.mp4"], ["gps_coordinates", "37.7749° N, 122.4194° W"], ["user_id", 1], ["report_status_id", 1], ["report_type_id", 1], ["created_at", "2023-04-17 18:59:22.534583"], ["updated_at", "2023-04-17 18:59:22.534583"]]
  [1m[36mTRANSACTION (6.6ms)[0m  [1m[36mcommit transaction[0m
  [1m[36mTRANSACTION (0.1ms)[0m  [1m[36mbegin transaction[0m
  [1m[36mUser Load (0.1ms)[0m  [1m[34mSELECT "users".* FROM "users" WHERE "users"."id" = ? LIMIT ?[0m  [["id", 2], ["LIMIT", 1]]
  [1m[36mReportStatus Load (0.0ms)[0m  [1m[34mSELECT "report_statuses".* FROM "report_statuses" WHERE "report_statuses"."id" = ? LIMIT ?[0m  [["id", 1], ["LIMIT", 1]]
  [1m[36mReportType Load (0.1ms)[0m  [1m[34mSELECT "report_types".* FROM "report_types" WHERE "report_types"."id" = ? LIMIT ?[0m  [["id", 2], ["LIMIT", 1]]
  [1m[36mReport Create (0.3ms)[0m  [1m[32mINSERT INTO "reports" ("description", "image", "video", "gps_coordinates", "user_id", "report_status_id", "report_type_id", "created_at", "updated_at") VALUES (?, ?, ?, ?, ?, ?, ?, ?, ?)[0m  [["description", "Theft at convenience store"], ["image", "https://example.com/theft.jpg"], ["video", nil], ["gps_coordinates", "37.7749° N, 122.4194° W"], ["user_id", 2], ["report_status_id", 1], ["report_type_id", 2], ["created_at", "2023-04-17 18:59:22.548492"], ["updated_at", "2023-04-17 18:59:22.548492"]]
  [1m[36mTRANSACTION (6.9ms)[0m  [1m[36mcommit transaction[0m
  [1m[36mTRANSACTION (0.1ms)[0m  [1m[36mbegin transaction[0m
  [1m[36mUser Load (0.3ms)[0m  [1m[34mSELECT "users".* FROM "users" WHERE "users"."id" = ? LIMIT ?[0m  [["id", 1], ["LIMIT", 1]]
  [1m[36mReportStatus Load (0.2ms)[0m  [1m[34mSELECT "report_statuses".* FROM "report_statuses" WHERE "report_statuses"."id" = ? LIMIT ?[0m  [["id", 2], ["LIMIT", 1]]
  [1m[36mReportType Load (0.1ms)[0m  [1m[34mSELECT "report_types".* FROM "report_types" WHERE "report_types"."id" = ? LIMIT ?[0m  [["id", 3], ["LIMIT", 1]]
  [1m[36mReport Create (0.6ms)[0m  [1m[32mINSERT INTO "reports" ("description", "image", "video", "gps_coordinates", "user_id", "report_status_id", "report_type_id", "created_at", "updated_at") VALUES (?, ?, ?, ?, ?, ?, ?, ?, ?)[0m  [["description", "House fire on Elm Street"], ["image", "https://example.com/house-fire.jpg"], ["video", "https://example.com/house-fire.mp4"], ["gps_coordinates", "37.7749° N, 122.4194° W"], ["user_id", 1], ["report_status_id", 2], ["report_type_id", 3], ["created_at", "2023-04-17 18:59:22.575569"], ["updated_at", "2023-04-17 18:59:22.575569"]]
  [1m[36mTRANSACTION (7.0ms)[0m  [1m[36mcommit transaction[0m
Started GET "/reports" for 127.0.0.1 at 2023-04-18 18:10:35 +0300
  [1m[36mActiveRecord::SchemaMigration Pluck (0.2ms)[0m  [1m[34mSELECT "schema_migrations"."version" FROM "schema_migrations" ORDER BY "schema_migrations"."version" ASC[0m
Processing by ReportsController#index as */*
Completed 500 Internal Server Error in 6ms (ActiveRecord: 0.0ms | Allocations: 1785)


  
NoMethodError (undefined method `authorize_request' for #<ReportsController:0x000000000049c0>):
  
activesupport (7.0.4.3) lib/active_support/callbacks.rb:400:in `block in make_lambda'
activesupport (7.0.4.3) lib/active_support/callbacks.rb:199:in `block (2 levels) in halting'
actionpack (7.0.4.3) lib/abstract_controller/callbacks.rb:34:in `block (2 levels) in <module:Callbacks>'
activesupport (7.0.4.3) lib/active_support/callbacks.rb:200:in `block in halting'
activesupport (7.0.4.3) lib/active_support/callbacks.rb:595:in `block in invoke_before'
activesupport (7.0.4.3) lib/active_support/callbacks.rb:595:in `each'
activesupport (7.0.4.3) lib/active_support/callbacks.rb:595:in `invoke_before'
activesupport (7.0.4.3) lib/active_support/callbacks.rb:106:in `run_callbacks'
actionpack (7.0.4.3) lib/abstract_controller/callbacks.rb:233:in `process_action'
actionpack (7.0.4.3) lib/action_controller/metal/rescue.rb:22:in `process_action'
actionpack (7.0.4.3) lib/action_controller/metal/instrumentation.rb:67:in `block in process_action'
activesupport (7.0.4.3) lib/active_support/notifications.rb:206:in `block in instrument'
activesupport (7.0.4.3) lib/active_support/notifications/instrumenter.rb:24:in `instrument'
activesupport (7.0.4.3) lib/active_support/notifications.rb:206:in `instrument'
actionpack (7.0.4.3) lib/action_controller/metal/instrumentation.rb:66:in `process_action'
actionpack (7.0.4.3) lib/action_controller/metal/params_wrapper.rb:259:in `process_action'
activerecord (7.0.4.3) lib/active_record/railties/controller_runtime.rb:27:in `process_action'
actionpack (7.0.4.3) lib/abstract_controller/base.rb:151:in `process'
actionpack (7.0.4.3) lib/action_controller/metal.rb:188:in `dispatch'
actionpack (7.0.4.3) lib/action_controller/metal.rb:251:in `dispatch'
actionpack (7.0.4.3) lib/action_dispatch/routing/route_set.rb:49:in `dispatch'
actionpack (7.0.4.3) lib/action_dispatch/routing/route_set.rb:32:in `serve'
actionpack (7.0.4.3) lib/action_dispatch/journey/router.rb:50:in `block in serve'
actionpack (7.0.4.3) lib/action_dispatch/journey/router.rb:32:in `each'
actionpack (7.0.4.3) lib/action_dispatch/journey/router.rb:32:in `serve'
actionpack (7.0.4.3) lib/action_dispatch/routing/route_set.rb:852:in `call'
rack (2.2.6.4) lib/rack/etag.rb:27:in `call'
rack (2.2.6.4) lib/rack/conditional_get.rb:27:in `call'
rack (2.2.6.4) lib/rack/head.rb:12:in `call'
activerecord (7.0.4.3) lib/active_record/migration.rb:603:in `call'
actionpack (7.0.4.3) lib/action_dispatch/middleware/callbacks.rb:27:in `block in call'
activesupport (7.0.4.3) lib/active_support/callbacks.rb:99:in `run_callbacks'
actionpack (7.0.4.3) lib/action_dispatch/middleware/callbacks.rb:26:in `call'
actionpack (7.0.4.3) lib/action_dispatch/middleware/executor.rb:14:in `call'
actionpack (7.0.4.3) lib/action_dispatch/middleware/actionable_exceptions.rb:17:in `call'
actionpack (7.0.4.3) lib/action_dispatch/middleware/debug_exceptions.rb:28:in `call'
actionpack (7.0.4.3) lib/action_dispatch/middleware/show_exceptions.rb:26:in `call'
railties (7.0.4.3) lib/rails/rack/logger.rb:40:in `call_app'
railties (7.0.4.3) lib/rails/rack/logger.rb:25:in `block in call'
activesupport (7.0.4.3) lib/active_support/tagged_logging.rb:99:in `block in tagged'
activesupport (7.0.4.3) lib/active_support/tagged_logging.rb:37:in `tagged'
activesupport (7.0.4.3) lib/active_support/tagged_logging.rb:99:in `tagged'
railties (7.0.4.3) lib/rails/rack/logger.rb:25:in `call'
actionpack (7.0.4.3) lib/action_dispatch/middleware/remote_ip.rb:93:in `call'
actionpack (7.0.4.3) lib/action_dispatch/middleware/request_id.rb:26:in `call'
rack (2.2.6.4) lib/rack/runtime.rb:22:in `call'
activesupport (7.0.4.3) lib/active_support/cache/strategy/local_cache_middleware.rb:29:in `call'
actionpack (7.0.4.3) lib/action_dispatch/middleware/server_timing.rb:61:in `block in call'
actionpack (7.0.4.3) lib/action_dispatch/middleware/server_timing.rb:26:in `collect_events'
actionpack (7.0.4.3) lib/action_dispatch/middleware/server_timing.rb:60:in `call'
actionpack (7.0.4.3) lib/action_dispatch/middleware/executor.rb:14:in `call'
actionpack (7.0.4.3) lib/action_dispatch/middleware/static.rb:23:in `call'
rack (2.2.6.4) lib/rack/sendfile.rb:110:in `call'
actionpack (7.0.4.3) lib/action_dispatch/middleware/host_authorization.rb:137:in `call'
railties (7.0.4.3) lib/rails/engine.rb:530:in `call'
puma (5.6.5) lib/puma/configuration.rb:252:in `call'
puma (5.6.5) lib/puma/request.rb:77:in `block in handle_request'
puma (5.6.5) lib/puma/thread_pool.rb:340:in `with_force_shutdown'
puma (5.6.5) lib/puma/request.rb:76:in `handle_request'
puma (5.6.5) lib/puma/server.rb:443:in `process_client'
puma (5.6.5) lib/puma/thread_pool.rb:147:in `block in spawn_thread'
Started GET "/report_status" for 127.0.0.1 at 2023-04-18 18:12:16 +0300
  
ActionController::RoutingError (No route matches [GET] "/report_status"):
  
Started GET "/reports" for 127.0.0.1 at 2023-04-18 18:13:53 +0300
Processing by ReportsController#index as */*
Completed 500 Internal Server Error in 10ms (ActiveRecord: 0.0ms | Allocations: 1658)


  
NoMethodError (undefined method `authorize_request' for #<ReportsController:0x00000000004b50>):
  
activesupport (7.0.4.3) lib/active_support/callbacks.rb:400:in `block in make_lambda'
activesupport (7.0.4.3) lib/active_support/callbacks.rb:199:in `block (2 levels) in halting'
actionpack (7.0.4.3) lib/abstract_controller/callbacks.rb:34:in `block (2 levels) in <module:Callbacks>'
activesupport (7.0.4.3) lib/active_support/callbacks.rb:200:in `block in halting'
activesupport (7.0.4.3) lib/active_support/callbacks.rb:595:in `block in invoke_before'
activesupport (7.0.4.3) lib/active_support/callbacks.rb:595:in `each'
activesupport (7.0.4.3) lib/active_support/callbacks.rb:595:in `invoke_before'
activesupport (7.0.4.3) lib/active_support/callbacks.rb:106:in `run_callbacks'
actionpack (7.0.4.3) lib/abstract_controller/callbacks.rb:233:in `process_action'
actionpack (7.0.4.3) lib/action_controller/metal/rescue.rb:22:in `process_action'
actionpack (7.0.4.3) lib/action_controller/metal/instrumentation.rb:67:in `block in process_action'
activesupport (7.0.4.3) lib/active_support/notifications.rb:206:in `block in instrument'
activesupport (7.0.4.3) lib/active_support/notifications/instrumenter.rb:24:in `instrument'
activesupport (7.0.4.3) lib/active_support/notifications.rb:206:in `instrument'
actionpack (7.0.4.3) lib/action_controller/metal/instrumentation.rb:66:in `process_action'
actionpack (7.0.4.3) lib/action_controller/metal/params_wrapper.rb:259:in `process_action'
activerecord (7.0.4.3) lib/active_record/railties/controller_runtime.rb:27:in `process_action'
actionpack (7.0.4.3) lib/abstract_controller/base.rb:151:in `process'
actionpack (7.0.4.3) lib/action_controller/metal.rb:188:in `dispatch'
actionpack (7.0.4.3) lib/action_controller/metal.rb:251:in `dispatch'
actionpack (7.0.4.3) lib/action_dispatch/routing/route_set.rb:49:in `dispatch'
actionpack (7.0.4.3) lib/action_dispatch/routing/route_set.rb:32:in `serve'
actionpack (7.0.4.3) lib/action_dispatch/journey/router.rb:50:in `block in serve'
actionpack (7.0.4.3) lib/action_dispatch/journey/router.rb:32:in `each'
actionpack (7.0.4.3) lib/action_dispatch/journey/router.rb:32:in `serve'
actionpack (7.0.4.3) lib/action_dispatch/routing/route_set.rb:852:in `call'
rack (2.2.6.4) lib/rack/etag.rb:27:in `call'
rack (2.2.6.4) lib/rack/conditional_get.rb:27:in `call'
rack (2.2.6.4) lib/rack/head.rb:12:in `call'
activerecord (7.0.4.3) lib/active_record/migration.rb:603:in `call'
actionpack (7.0.4.3) lib/action_dispatch/middleware/callbacks.rb:27:in `block in call'
activesupport (7.0.4.3) lib/active_support/callbacks.rb:99:in `run_callbacks'
actionpack (7.0.4.3) lib/action_dispatch/middleware/callbacks.rb:26:in `call'
actionpack (7.0.4.3) lib/action_dispatch/middleware/executor.rb:14:in `call'
actionpack (7.0.4.3) lib/action_dispatch/middleware/actionable_exceptions.rb:17:in `call'
actionpack (7.0.4.3) lib/action_dispatch/middleware/debug_exceptions.rb:28:in `call'
actionpack (7.0.4.3) lib/action_dispatch/middleware/show_exceptions.rb:26:in `call'
railties (7.0.4.3) lib/rails/rack/logger.rb:40:in `call_app'
railties (7.0.4.3) lib/rails/rack/logger.rb:25:in `block in call'
activesupport (7.0.4.3) lib/active_support/tagged_logging.rb:99:in `block in tagged'
activesupport (7.0.4.3) lib/active_support/tagged_logging.rb:37:in `tagged'
activesupport (7.0.4.3) lib/active_support/tagged_logging.rb:99:in `tagged'
railties (7.0.4.3) lib/rails/rack/logger.rb:25:in `call'
actionpack (7.0.4.3) lib/action_dispatch/middleware/remote_ip.rb:93:in `call'
actionpack (7.0.4.3) lib/action_dispatch/middleware/request_id.rb:26:in `call'
rack (2.2.6.4) lib/rack/runtime.rb:22:in `call'
activesupport (7.0.4.3) lib/active_support/cache/strategy/local_cache_middleware.rb:29:in `call'
actionpack (7.0.4.3) lib/action_dispatch/middleware/server_timing.rb:61:in `block in call'
actionpack (7.0.4.3) lib/action_dispatch/middleware/server_timing.rb:26:in `collect_events'
actionpack (7.0.4.3) lib/action_dispatch/middleware/server_timing.rb:60:in `call'
actionpack (7.0.4.3) lib/action_dispatch/middleware/executor.rb:14:in `call'
actionpack (7.0.4.3) lib/action_dispatch/middleware/static.rb:23:in `call'
rack (2.2.6.4) lib/rack/sendfile.rb:110:in `call'
actionpack (7.0.4.3) lib/action_dispatch/middleware/host_authorization.rb:137:in `call'
railties (7.0.4.3) lib/rails/engine.rb:530:in `call'
puma (5.6.5) lib/puma/configuration.rb:252:in `call'
puma (5.6.5) lib/puma/request.rb:77:in `block in handle_request'
puma (5.6.5) lib/puma/thread_pool.rb:340:in `with_force_shutdown'
puma (5.6.5) lib/puma/request.rb:76:in `handle_request'
puma (5.6.5) lib/puma/server.rb:443:in `process_client'
puma (5.6.5) lib/puma/thread_pool.rb:147:in `block in spawn_thread'
Started GET "/reports" for 127.0.0.1 at 2023-04-18 18:17:42 +0300
Processing by ReportsController#index as */*
Completed 500 Internal Server Error in 10ms (Allocations: 1702)


  
NoMethodError (undefined method `authorize_request' for #<ReportsController:0x00000000006180>):
  
activesupport (7.0.4.3) lib/active_support/callbacks.rb:400:in `block in make_lambda'
activesupport (7.0.4.3) lib/active_support/callbacks.rb:199:in `block (2 levels) in halting'
actionpack (7.0.4.3) lib/abstract_controller/callbacks.rb:34:in `block (2 levels) in <module:Callbacks>'
activesupport (7.0.4.3) lib/active_support/callbacks.rb:200:in `block in halting'
activesupport (7.0.4.3) lib/active_support/callbacks.rb:595:in `block in invoke_before'
activesupport (7.0.4.3) lib/active_support/callbacks.rb:595:in `each'
activesupport (7.0.4.3) lib/active_support/callbacks.rb:595:in `invoke_before'
activesupport (7.0.4.3) lib/active_support/callbacks.rb:106:in `run_callbacks'
actionpack (7.0.4.3) lib/abstract_controller/callbacks.rb:233:in `process_action'
actionpack (7.0.4.3) lib/action_controller/metal/rescue.rb:22:in `process_action'
actionpack (7.0.4.3) lib/action_controller/metal/instrumentation.rb:67:in `block in process_action'
activesupport (7.0.4.3) lib/active_support/notifications.rb:206:in `block in instrument'
activesupport (7.0.4.3) lib/active_support/notifications/instrumenter.rb:24:in `instrument'
activesupport (7.0.4.3) lib/active_support/notifications.rb:206:in `instrument'
actionpack (7.0.4.3) lib/action_controller/metal/instrumentation.rb:66:in `process_action'
actionpack (7.0.4.3) lib/action_controller/metal/params_wrapper.rb:259:in `process_action'
activerecord (7.0.4.3) lib/active_record/railties/controller_runtime.rb:27:in `process_action'
actionpack (7.0.4.3) lib/abstract_controller/base.rb:151:in `process'
actionpack (7.0.4.3) lib/action_controller/metal.rb:188:in `dispatch'
actionpack (7.0.4.3) lib/action_controller/metal.rb:251:in `dispatch'
actionpack (7.0.4.3) lib/action_dispatch/routing/route_set.rb:49:in `dispatch'
actionpack (7.0.4.3) lib/action_dispatch/routing/route_set.rb:32:in `serve'
actionpack (7.0.4.3) lib/action_dispatch/journey/router.rb:50:in `block in serve'
actionpack (7.0.4.3) lib/action_dispatch/journey/router.rb:32:in `each'
actionpack (7.0.4.3) lib/action_dispatch/journey/router.rb:32:in `serve'
actionpack (7.0.4.3) lib/action_dispatch/routing/route_set.rb:852:in `call'
rack (2.2.6.4) lib/rack/etag.rb:27:in `call'
rack (2.2.6.4) lib/rack/conditional_get.rb:27:in `call'
rack (2.2.6.4) lib/rack/head.rb:12:in `call'
activerecord (7.0.4.3) lib/active_record/migration.rb:603:in `call'
actionpack (7.0.4.3) lib/action_dispatch/middleware/callbacks.rb:27:in `block in call'
activesupport (7.0.4.3) lib/active_support/callbacks.rb:99:in `run_callbacks'
actionpack (7.0.4.3) lib/action_dispatch/middleware/callbacks.rb:26:in `call'
actionpack (7.0.4.3) lib/action_dispatch/middleware/executor.rb:14:in `call'
actionpack (7.0.4.3) lib/action_dispatch/middleware/actionable_exceptions.rb:17:in `call'
actionpack (7.0.4.3) lib/action_dispatch/middleware/debug_exceptions.rb:28:in `call'
actionpack (7.0.4.3) lib/action_dispatch/middleware/show_exceptions.rb:26:in `call'
railties (7.0.4.3) lib/rails/rack/logger.rb:40:in `call_app'
railties (7.0.4.3) lib/rails/rack/logger.rb:25:in `block in call'
activesupport (7.0.4.3) lib/active_support/tagged_logging.rb:99:in `block in tagged'
activesupport (7.0.4.3) lib/active_support/tagged_logging.rb:37:in `tagged'
activesupport (7.0.4.3) lib/active_support/tagged_logging.rb:99:in `tagged'
railties (7.0.4.3) lib/rails/rack/logger.rb:25:in `call'
actionpack (7.0.4.3) lib/action_dispatch/middleware/remote_ip.rb:93:in `call'
actionpack (7.0.4.3) lib/action_dispatch/middleware/request_id.rb:26:in `call'
rack (2.2.6.4) lib/rack/runtime.rb:22:in `call'
activesupport (7.0.4.3) lib/active_support/cache/strategy/local_cache_middleware.rb:29:in `call'
actionpack (7.0.4.3) lib/action_dispatch/middleware/server_timing.rb:61:in `block in call'
actionpack (7.0.4.3) lib/action_dispatch/middleware/server_timing.rb:26:in `collect_events'
actionpack (7.0.4.3) lib/action_dispatch/middleware/server_timing.rb:60:in `call'
actionpack (7.0.4.3) lib/action_dispatch/middleware/executor.rb:14:in `call'
actionpack (7.0.4.3) lib/action_dispatch/middleware/static.rb:23:in `call'
rack (2.2.6.4) lib/rack/sendfile.rb:110:in `call'
actionpack (7.0.4.3) lib/action_dispatch/middleware/host_authorization.rb:137:in `call'
railties (7.0.4.3) lib/rails/engine.rb:530:in `call'
puma (5.6.5) lib/puma/configuration.rb:252:in `call'
puma (5.6.5) lib/puma/request.rb:77:in `block in handle_request'
puma (5.6.5) lib/puma/thread_pool.rb:340:in `with_force_shutdown'
puma (5.6.5) lib/puma/request.rb:76:in `handle_request'
puma (5.6.5) lib/puma/server.rb:443:in `process_client'
puma (5.6.5) lib/puma/thread_pool.rb:147:in `block in spawn_thread'
Started GET "/reports" for 127.0.0.1 at 2023-04-18 18:17:45 +0300
Processing by ReportsController#index as */*
Completed 500 Internal Server Error in 10ms (Allocations: 1657)


  
NoMethodError (undefined method `authorize_request' for #<ReportsController:0x000000000061f8>):
  
activesupport (7.0.4.3) lib/active_support/callbacks.rb:400:in `block in make_lambda'
activesupport (7.0.4.3) lib/active_support/callbacks.rb:199:in `block (2 levels) in halting'
actionpack (7.0.4.3) lib/abstract_controller/callbacks.rb:34:in `block (2 levels) in <module:Callbacks>'
activesupport (7.0.4.3) lib/active_support/callbacks.rb:200:in `block in halting'
activesupport (7.0.4.3) lib/active_support/callbacks.rb:595:in `block in invoke_before'
activesupport (7.0.4.3) lib/active_support/callbacks.rb:595:in `each'
activesupport (7.0.4.3) lib/active_support/callbacks.rb:595:in `invoke_before'
activesupport (7.0.4.3) lib/active_support/callbacks.rb:106:in `run_callbacks'
actionpack (7.0.4.3) lib/abstract_controller/callbacks.rb:233:in `process_action'
actionpack (7.0.4.3) lib/action_controller/metal/rescue.rb:22:in `process_action'
actionpack (7.0.4.3) lib/action_controller/metal/instrumentation.rb:67:in `block in process_action'
activesupport (7.0.4.3) lib/active_support/notifications.rb:206:in `block in instrument'
activesupport (7.0.4.3) lib/active_support/notifications/instrumenter.rb:24:in `instrument'
activesupport (7.0.4.3) lib/active_support/notifications.rb:206:in `instrument'
actionpack (7.0.4.3) lib/action_controller/metal/instrumentation.rb:66:in `process_action'
actionpack (7.0.4.3) lib/action_controller/metal/params_wrapper.rb:259:in `process_action'
activerecord (7.0.4.3) lib/active_record/railties/controller_runtime.rb:27:in `process_action'
actionpack (7.0.4.3) lib/abstract_controller/base.rb:151:in `process'
actionpack (7.0.4.3) lib/action_controller/metal.rb:188:in `dispatch'
actionpack (7.0.4.3) lib/action_controller/metal.rb:251:in `dispatch'
actionpack (7.0.4.3) lib/action_dispatch/routing/route_set.rb:49:in `dispatch'
actionpack (7.0.4.3) lib/action_dispatch/routing/route_set.rb:32:in `serve'
actionpack (7.0.4.3) lib/action_dispatch/journey/router.rb:50:in `block in serve'
actionpack (7.0.4.3) lib/action_dispatch/journey/router.rb:32:in `each'
actionpack (7.0.4.3) lib/action_dispatch/journey/router.rb:32:in `serve'
actionpack (7.0.4.3) lib/action_dispatch/routing/route_set.rb:852:in `call'
rack (2.2.6.4) lib/rack/etag.rb:27:in `call'
rack (2.2.6.4) lib/rack/conditional_get.rb:27:in `call'
rack (2.2.6.4) lib/rack/head.rb:12:in `call'
activerecord (7.0.4.3) lib/active_record/migration.rb:603:in `call'
actionpack (7.0.4.3) lib/action_dispatch/middleware/callbacks.rb:27:in `block in call'
activesupport (7.0.4.3) lib/active_support/callbacks.rb:99:in `run_callbacks'
actionpack (7.0.4.3) lib/action_dispatch/middleware/callbacks.rb:26:in `call'
actionpack (7.0.4.3) lib/action_dispatch/middleware/executor.rb:14:in `call'
actionpack (7.0.4.3) lib/action_dispatch/middleware/actionable_exceptions.rb:17:in `call'
actionpack (7.0.4.3) lib/action_dispatch/middleware/debug_exceptions.rb:28:in `call'
actionpack (7.0.4.3) lib/action_dispatch/middleware/show_exceptions.rb:26:in `call'
railties (7.0.4.3) lib/rails/rack/logger.rb:40:in `call_app'
railties (7.0.4.3) lib/rails/rack/logger.rb:25:in `block in call'
activesupport (7.0.4.3) lib/active_support/tagged_logging.rb:99:in `block in tagged'
activesupport (7.0.4.3) lib/active_support/tagged_logging.rb:37:in `tagged'
activesupport (7.0.4.3) lib/active_support/tagged_logging.rb:99:in `tagged'
railties (7.0.4.3) lib/rails/rack/logger.rb:25:in `call'
actionpack (7.0.4.3) lib/action_dispatch/middleware/remote_ip.rb:93:in `call'
actionpack (7.0.4.3) lib/action_dispatch/middleware/request_id.rb:26:in `call'
rack (2.2.6.4) lib/rack/runtime.rb:22:in `call'
activesupport (7.0.4.3) lib/active_support/cache/strategy/local_cache_middleware.rb:29:in `call'
actionpack (7.0.4.3) lib/action_dispatch/middleware/server_timing.rb:61:in `block in call'
actionpack (7.0.4.3) lib/action_dispatch/middleware/server_timing.rb:26:in `collect_events'
actionpack (7.0.4.3) lib/action_dispatch/middleware/server_timing.rb:60:in `call'
actionpack (7.0.4.3) lib/action_dispatch/middleware/executor.rb:14:in `call'
actionpack (7.0.4.3) lib/action_dispatch/middleware/static.rb:23:in `call'
rack (2.2.6.4) lib/rack/sendfile.rb:110:in `call'
actionpack (7.0.4.3) lib/action_dispatch/middleware/host_authorization.rb:137:in `call'
railties (7.0.4.3) lib/rails/engine.rb:530:in `call'
puma (5.6.5) lib/puma/configuration.rb:252:in `call'
puma (5.6.5) lib/puma/request.rb:77:in `block in handle_request'
puma (5.6.5) lib/puma/thread_pool.rb:340:in `with_force_shutdown'
puma (5.6.5) lib/puma/request.rb:76:in `handle_request'
puma (5.6.5) lib/puma/server.rb:443:in `process_client'
puma (5.6.5) lib/puma/thread_pool.rb:147:in `block in spawn_thread'
Started GET "/reports" for 127.0.0.1 at 2023-04-18 18:18:23 +0300
Processing by ReportsController#index as */*
  [1m[36mReport Load (0.2ms)[0m  [1m[34mSELECT "reports".* FROM "reports"[0m
  ↳ app/controllers/reports_controller.rb:7:in `index'
[active_model_serializers]   [1m[36mUser Load (0.2ms)[0m  [1m[34mSELECT "users".* FROM "users" WHERE "users"."id" = ? LIMIT ?[0m  [["id", 1], ["LIMIT", 1]]
[active_model_serializers]   ↳ app/controllers/reports_controller.rb:7:in `index'
[active_model_serializers]   [1m[36mReportStatus Load (0.3ms)[0m  [1m[34mSELECT "report_statuses".* FROM "report_statuses" WHERE "report_statuses"."id" = ? LIMIT ?[0m  [["id", 1], ["LIMIT", 1]]
[active_model_serializers]   ↳ app/controllers/reports_controller.rb:7:in `index'
[active_model_serializers]   [1m[36mReportType Load (0.1ms)[0m  [1m[34mSELECT "report_types".* FROM "report_types" WHERE "report_types"."id" = ? LIMIT ?[0m  [["id", 1], ["LIMIT", 1]]
[active_model_serializers]   ↳ app/controllers/reports_controller.rb:7:in `index'
[active_model_serializers]   [1m[36mUser Load (0.2ms)[0m  [1m[34mSELECT "users".* FROM "users" WHERE "users"."id" = ? LIMIT ?[0m  [["id", 2], ["LIMIT", 1]]
[active_model_serializers]   ↳ app/controllers/reports_controller.rb:7:in `index'
[active_model_serializers]   [1m[36mCACHE ReportStatus Load (0.0ms)[0m  [1m[34mSELECT "report_statuses".* FROM "report_statuses" WHERE "report_statuses"."id" = ? LIMIT ?[0m  [["id", 1], ["LIMIT", 1]]
[active_model_serializers]   ↳ app/controllers/reports_controller.rb:7:in `index'
[active_model_serializers]   [1m[36mReportType Load (0.1ms)[0m  [1m[34mSELECT "report_types".* FROM "report_types" WHERE "report_types"."id" = ? LIMIT ?[0m  [["id", 2], ["LIMIT", 1]]
[active_model_serializers]   ↳ app/controllers/reports_controller.rb:7:in `index'
[active_model_serializers]   [1m[36mCACHE User Load (0.0ms)[0m  [1m[34mSELECT "users".* FROM "users" WHERE "users"."id" = ? LIMIT ?[0m  [["id", 1], ["LIMIT", 1]]
[active_model_serializers]   ↳ app/controllers/reports_controller.rb:7:in `index'
[active_model_serializers]   [1m[36mReportStatus Load (0.1ms)[0m  [1m[34mSELECT "report_statuses".* FROM "report_statuses" WHERE "report_statuses"."id" = ? LIMIT ?[0m  [["id", 2], ["LIMIT", 1]]
[active_model_serializers]   ↳ app/controllers/reports_controller.rb:7:in `index'
[active_model_serializers]   [1m[36mReportType Load (0.2ms)[0m  [1m[34mSELECT "report_types".* FROM "report_types" WHERE "report_types"."id" = ? LIMIT ?[0m  [["id", 3], ["LIMIT", 1]]
[active_model_serializers]   ↳ app/controllers/reports_controller.rb:7:in `index'
[active_model_serializers] Rendered ActiveModel::Serializer::CollectionSerializer with ActiveModelSerializers::Adapter::Attributes (95.86ms)
Completed 200 OK in 203ms (Views: 152.2ms | ActiveRecord: 4.6ms | Allocations: 99561)


Started GET "/report_status" for 127.0.0.1 at 2023-04-18 18:18:34 +0300
  
ActionController::RoutingError (No route matches [GET] "/report_status"):
  
  [1m[36mActiveRecord::SchemaMigration Pluck (0.2ms)[0m  [1m[34mSELECT "schema_migrations"."version" FROM "schema_migrations" ORDER BY "schema_migrations"."version" ASC[0m
  [1m[36mActiveRecord::InternalMetadata Load (0.2ms)[0m  [1m[34mSELECT "ar_internal_metadata".* FROM "ar_internal_metadata" WHERE "ar_internal_metadata"."key" = ? LIMIT ?[0m  [["key", "environment"], ["LIMIT", 1]]
  [1m[36mActiveRecord::SchemaMigration Pluck (0.1ms)[0m  [1m[34mSELECT "schema_migrations"."version" FROM "schema_migrations" ORDER BY "schema_migrations"."version" ASC[0m
  [1m[36mActiveRecord::SchemaMigration Pluck (0.2ms)[0m  [1m[34mSELECT "schema_migrations"."version" FROM "schema_migrations" ORDER BY "schema_migrations"."version" ASC[0m
  [1m[36mActiveRecord::InternalMetadata Load (0.2ms)[0m  [1m[34mSELECT "ar_internal_metadata".* FROM "ar_internal_metadata" WHERE "ar_internal_metadata"."key" = ? LIMIT ?[0m  [["key", "environment"], ["LIMIT", 1]]
  [1m[36mActiveRecord::SchemaMigration Pluck (0.1ms)[0m  [1m[34mSELECT "schema_migrations"."version" FROM "schema_migrations" ORDER BY "schema_migrations"."version" ASC[0m
